2020-09-21 10:32:04,740 [Worker-2: Loading available Gradle versions] INFO  o.e.b.c.i.u.g.PublishedGradleVersions - Gradle version information cache is up-to-date. Trying to read.
2020-09-21 10:32:53,488 [Worker-4: Building workspace] INFO  o.e.m.c.i.l.LifecycleMappingFactory - Using org.maven.ide.eclipse.wtp.WarLifecycleMapping lifecycle mapping for MavenProject: kopo:SpringForOracle:0.0.1-SNAPSHOT @ C:\Workspace\SpringPRJ\pom.xml.
2020-09-21 10:32:53,488 [Worker-15: Updating Maven Dependencies] INFO  o.e.m.c.i.l.LifecycleMappingFactory - Using org.maven.ide.eclipse.wtp.WarLifecycleMapping lifecycle mapping for MavenProject: kopo:SpringForOracle:0.0.1-SNAPSHOT @ C:\Workspace\SpringPRJ\pom.xml.
2020-09-21 10:32:56,515 [Worker-4: Building workspace] WARN  o.e.m.c.i.embedder.EclipseLogger - Using platform encoding (MS949 actually) to copy filtered resources, i.e. build is platform dependent!
2020-09-21 10:32:56,517 [Worker-4: Building workspace] INFO  o.e.m.c.i.embedder.EclipseLogger - skip non existing resourceDirectory C:\Workspace\SpringPRJ\src\main\resources
2020-09-21 10:32:56,520 [Worker-4: Building workspace] WARN  o.e.m.c.i.embedder.EclipseLogger - Using platform encoding (MS949 actually) to copy filtered resources, i.e. build is platform dependent!
2020-09-21 10:32:56,521 [Worker-4: Building workspace] INFO  o.e.m.c.i.embedder.EclipseLogger - skip non existing resourceDirectory C:\Workspace\SpringPRJ\src\test\resources
2020-09-21 10:32:58,444 [Worker-16: Updating Maven Dependencies] INFO  o.e.m.c.i.l.LifecycleMappingFactory - Using org.maven.ide.eclipse.wtp.WarLifecycleMapping lifecycle mapping for MavenProject: kopo:SpringForOracle:0.0.1-SNAPSHOT @ C:\Workspace\SpringPRJ\pom.xml.
2020-09-21 10:33:00,853 [Worker-16: Building workspace] WARN  o.e.m.c.i.embedder.EclipseLogger - Using platform encoding (MS949 actually) to copy filtered resources, i.e. build is platform dependent!
2020-09-21 10:33:00,855 [Worker-16: Building workspace] INFO  o.e.m.c.i.embedder.EclipseLogger - skip non existing resourceDirectory C:\Workspace\SpringPRJ\src\main\resources
2020-09-21 10:33:00,857 [Worker-16: Building workspace] WARN  o.e.m.c.i.embedder.EclipseLogger - Using platform encoding (MS949 actually) to copy filtered resources, i.e. build is platform dependent!
2020-09-21 10:33:00,859 [Worker-16: Building workspace] INFO  o.e.m.c.i.embedder.EclipseLogger - skip non existing resourceDirectory C:\Workspace\SpringPRJ\src\test\resources
2020-09-21 10:33:33,402 [Worker-15: Building workspace] WARN  o.e.m.c.i.embedder.EclipseLogger - Using platform encoding (MS949 actually) to copy filtered resources, i.e. build is platform dependent!
2020-09-21 10:33:33,403 [Worker-15: Building workspace] INFO  o.e.m.c.i.embedder.EclipseLogger - skip non existing resourceDirectory C:\Workspace\SpringPRJ\src\main\resources
2020-09-21 10:33:33,404 [Worker-15: Building workspace] WARN  o.e.m.c.i.embedder.EclipseLogger - Using platform encoding (MS949 actually) to copy filtered resources, i.e. build is platform dependent!
2020-09-21 10:33:33,405 [Worker-15: Building workspace] INFO  o.e.m.c.i.embedder.EclipseLogger - skip non existing resourceDirectory C:\Workspace\SpringPRJ\src\test\resources
2020-09-21 11:03:03,883 [Worker-10: Building workspace] WARN  o.e.m.c.i.embedder.EclipseLogger - Using platform encoding (MS949 actually) to copy filtered resources, i.e. build is platform dependent!
2020-09-21 11:03:03,885 [Worker-10: Building workspace] INFO  o.e.m.c.i.embedder.EclipseLogger - skip non existing resourceDirectory C:\Workspace\SpringPRJ\src\main\resources
2020-09-21 11:03:03,886 [Worker-10: Building workspace] WARN  o.e.m.c.i.embedder.EclipseLogger - Using platform encoding (MS949 actually) to copy filtered resources, i.e. build is platform dependent!
2020-09-21 11:03:03,887 [Worker-10: Building workspace] INFO  o.e.m.c.i.embedder.EclipseLogger - skip non existing resourceDirectory C:\Workspace\SpringPRJ\src\test\resources
2020-09-21 11:03:21,947 [Worker-21: Building workspace] WARN  o.e.m.c.i.embedder.EclipseLogger - Using platform encoding (MS949 actually) to copy filtered resources, i.e. build is platform dependent!
2020-09-21 11:03:21,948 [Worker-21: Building workspace] INFO  o.e.m.c.i.embedder.EclipseLogger - skip non existing resourceDirectory C:\Workspace\SpringPRJ\src\main\resources
2020-09-21 11:03:21,949 [Worker-21: Building workspace] WARN  o.e.m.c.i.embedder.EclipseLogger - Using platform encoding (MS949 actually) to copy filtered resources, i.e. build is platform dependent!
2020-09-21 11:03:21,950 [Worker-21: Building workspace] INFO  o.e.m.c.i.embedder.EclipseLogger - skip non existing resourceDirectory C:\Workspace\SpringPRJ\src\test\resources
2020-09-21 12:08:41,855 [Worker-28: Building workspace] WARN  o.e.m.c.i.embedder.EclipseLogger - Using platform encoding (MS949 actually) to copy filtered resources, i.e. build is platform dependent!
2020-09-21 12:08:41,857 [Worker-28: Building workspace] INFO  o.e.m.c.i.embedder.EclipseLogger - skip non existing resourceDirectory C:\Workspace\SpringPRJ\src\main\resources
2020-09-21 12:08:41,858 [Worker-28: Building workspace] WARN  o.e.m.c.i.embedder.EclipseLogger - Using platform encoding (MS949 actually) to copy filtered resources, i.e. build is platform dependent!
2020-09-21 12:08:41,859 [Worker-28: Building workspace] INFO  o.e.m.c.i.embedder.EclipseLogger - skip non existing resourceDirectory C:\Workspace\SpringPRJ\src\test\resources
2020-09-21 12:08:55,051 [Worker-25: Building Workspace] WARN  o.e.m.c.i.embedder.EclipseLogger - Using platform encoding (MS949 actually) to copy filtered resources, i.e. build is platform dependent!
2020-09-21 12:08:55,052 [Worker-25: Building Workspace] INFO  o.e.m.c.i.embedder.EclipseLogger - skip non existing resourceDirectory C:\Workspace\SpringPRJ\src\main\resources
2020-09-21 12:08:55,053 [Worker-25: Building Workspace] WARN  o.e.m.c.i.embedder.EclipseLogger - Using platform encoding (MS949 actually) to copy filtered resources, i.e. build is platform dependent!
2020-09-21 12:08:55,054 [Worker-25: Building Workspace] INFO  o.e.m.c.i.embedder.EclipseLogger - skip non existing resourceDirectory C:\Workspace\SpringPRJ\src\test\resources
2020-09-21 12:09:10,263 [Worker-31: Building workspace] WARN  o.e.m.c.i.embedder.EclipseLogger - Using platform encoding (MS949 actually) to copy filtered resources, i.e. build is platform dependent!
2020-09-21 12:09:10,265 [Worker-31: Building workspace] INFO  o.e.m.c.i.embedder.EclipseLogger - skip non existing resourceDirectory C:\Workspace\SpringPRJ\src\main\resources
2020-09-21 12:09:10,266 [Worker-31: Building workspace] WARN  o.e.m.c.i.embedder.EclipseLogger - Using platform encoding (MS949 actually) to copy filtered resources, i.e. build is platform dependent!
2020-09-21 12:09:10,267 [Worker-31: Building workspace] INFO  o.e.m.c.i.embedder.EclipseLogger - skip non existing resourceDirectory C:\Workspace\SpringPRJ\src\test\resources
2020-09-21 12:09:53,713 [Worker-32: Building workspace] WARN  o.e.m.c.i.embedder.EclipseLogger - Using platform encoding (MS949 actually) to copy filtered resources, i.e. build is platform dependent!
2020-09-21 12:09:53,714 [Worker-32: Building workspace] INFO  o.e.m.c.i.embedder.EclipseLogger - skip non existing resourceDirectory C:\Workspace\SpringPRJ\src\main\resources
2020-09-21 12:09:53,715 [Worker-32: Building workspace] WARN  o.e.m.c.i.embedder.EclipseLogger - Using platform encoding (MS949 actually) to copy filtered resources, i.e. build is platform dependent!
2020-09-21 12:09:53,716 [Worker-32: Building workspace] INFO  o.e.m.c.i.embedder.EclipseLogger - skip non existing resourceDirectory C:\Workspace\SpringPRJ\src\test\resources
2020-09-21 12:09:57,189 [Worker-32: Building workspace] WARN  o.e.m.c.i.embedder.EclipseLogger - Using platform encoding (MS949 actually) to copy filtered resources, i.e. build is platform dependent!
2020-09-21 12:09:57,190 [Worker-32: Building workspace] INFO  o.e.m.c.i.embedder.EclipseLogger - skip non existing resourceDirectory C:\Workspace\SpringPRJ\src\main\resources
2020-09-21 12:09:57,192 [Worker-32: Building workspace] WARN  o.e.m.c.i.embedder.EclipseLogger - Using platform encoding (MS949 actually) to copy filtered resources, i.e. build is platform dependent!
2020-09-21 12:09:57,193 [Worker-32: Building workspace] INFO  o.e.m.c.i.embedder.EclipseLogger - skip non existing resourceDirectory C:\Workspace\SpringPRJ\src\test\resources
2020-09-21 12:10:11,956 [Worker-32: Building workspace] WARN  o.e.m.c.i.embedder.EclipseLogger - Using platform encoding (MS949 actually) to copy filtered resources, i.e. build is platform dependent!
2020-09-21 12:10:11,958 [Worker-32: Building workspace] INFO  o.e.m.c.i.embedder.EclipseLogger - skip non existing resourceDirectory C:\Workspace\SpringPRJ\src\main\resources
2020-09-21 12:10:11,960 [Worker-32: Building workspace] WARN  o.e.m.c.i.embedder.EclipseLogger - Using platform encoding (MS949 actually) to copy filtered resources, i.e. build is platform dependent!
2020-09-21 12:10:11,962 [Worker-32: Building workspace] INFO  o.e.m.c.i.embedder.EclipseLogger - skip non existing resourceDirectory C:\Workspace\SpringPRJ\src\test\resources
2020-09-21 12:10:48,466 [Worker-29: Building workspace] WARN  o.e.m.c.i.embedder.EclipseLogger - Using platform encoding (MS949 actually) to copy filtered resources, i.e. build is platform dependent!
2020-09-21 12:10:48,468 [Worker-29: Building workspace] INFO  o.e.m.c.i.embedder.EclipseLogger - skip non existing resourceDirectory C:\Workspace\SpringPRJ\src\main\resources
2020-09-21 12:10:48,469 [Worker-29: Building workspace] WARN  o.e.m.c.i.embedder.EclipseLogger - Using platform encoding (MS949 actually) to copy filtered resources, i.e. build is platform dependent!
2020-09-21 12:10:48,471 [Worker-29: Building workspace] INFO  o.e.m.c.i.embedder.EclipseLogger - skip non existing resourceDirectory C:\Workspace\SpringPRJ\src\test\resources
2020-09-21 12:10:53,605 [Worker-33: Building workspace] WARN  o.e.m.c.i.embedder.EclipseLogger - Using platform encoding (MS949 actually) to copy filtered resources, i.e. build is platform dependent!
2020-09-21 12:10:53,606 [Worker-33: Building workspace] INFO  o.e.m.c.i.embedder.EclipseLogger - skip non existing resourceDirectory C:\Workspace\SpringPRJ\src\main\resources
2020-09-21 12:10:53,609 [Worker-33: Building workspace] WARN  o.e.m.c.i.embedder.EclipseLogger - Using platform encoding (MS949 actually) to copy filtered resources, i.e. build is platform dependent!
2020-09-21 12:10:53,610 [Worker-33: Building workspace] INFO  o.e.m.c.i.embedder.EclipseLogger - skip non existing resourceDirectory C:\Workspace\SpringPRJ\src\test\resources
2020-09-21 12:11:14,917 [Worker-33: Building workspace] WARN  o.e.m.c.i.embedder.EclipseLogger - Using platform encoding (MS949 actually) to copy filtered resources, i.e. build is platform dependent!
2020-09-21 12:11:14,918 [Worker-33: Building workspace] INFO  o.e.m.c.i.embedder.EclipseLogger - skip non existing resourceDirectory C:\Workspace\SpringPRJ\src\main\resources
2020-09-21 12:11:14,919 [Worker-33: Building workspace] WARN  o.e.m.c.i.embedder.EclipseLogger - Using platform encoding (MS949 actually) to copy filtered resources, i.e. build is platform dependent!
2020-09-21 12:11:14,920 [Worker-33: Building workspace] INFO  o.e.m.c.i.embedder.EclipseLogger - skip non existing resourceDirectory C:\Workspace\SpringPRJ\src\test\resources
2020-09-21 12:13:35,878 [Worker-30: Building workspace] WARN  o.e.m.c.i.embedder.EclipseLogger - Using platform encoding (MS949 actually) to copy filtered resources, i.e. build is platform dependent!
2020-09-21 12:13:35,880 [Worker-30: Building workspace] INFO  o.e.m.c.i.embedder.EclipseLogger - skip non existing resourceDirectory C:\Workspace\SpringPRJ\src\main\resources
2020-09-21 12:13:35,881 [Worker-30: Building workspace] WARN  o.e.m.c.i.embedder.EclipseLogger - Using platform encoding (MS949 actually) to copy filtered resources, i.e. build is platform dependent!
2020-09-21 12:13:35,882 [Worker-30: Building workspace] INFO  o.e.m.c.i.embedder.EclipseLogger - skip non existing resourceDirectory C:\Workspace\SpringPRJ\src\test\resources
2020-09-21 12:15:00,703 [Worker-30: Building workspace] WARN  o.e.m.c.i.embedder.EclipseLogger - Using platform encoding (MS949 actually) to copy filtered resources, i.e. build is platform dependent!
2020-09-21 12:15:00,705 [Worker-30: Building workspace] INFO  o.e.m.c.i.embedder.EclipseLogger - skip non existing resourceDirectory C:\Workspace\SpringPRJ\src\main\resources
2020-09-21 12:15:00,707 [Worker-30: Building workspace] WARN  o.e.m.c.i.embedder.EclipseLogger - Using platform encoding (MS949 actually) to copy filtered resources, i.e. build is platform dependent!
2020-09-21 12:15:00,708 [Worker-30: Building workspace] INFO  o.e.m.c.i.embedder.EclipseLogger - skip non existing resourceDirectory C:\Workspace\SpringPRJ\src\test\resources
2020-09-21 12:15:37,357 [Worker-30: Building workspace] WARN  o.e.m.c.i.embedder.EclipseLogger - Using platform encoding (MS949 actually) to copy filtered resources, i.e. build is platform dependent!
2020-09-21 12:15:37,358 [Worker-30: Building workspace] INFO  o.e.m.c.i.embedder.EclipseLogger - skip non existing resourceDirectory C:\Workspace\SpringPRJ\src\main\resources
2020-09-21 12:15:37,359 [Worker-30: Building workspace] WARN  o.e.m.c.i.embedder.EclipseLogger - Using platform encoding (MS949 actually) to copy filtered resources, i.e. build is platform dependent!
2020-09-21 12:15:37,360 [Worker-30: Building workspace] INFO  o.e.m.c.i.embedder.EclipseLogger - skip non existing resourceDirectory C:\Workspace\SpringPRJ\src\test\resources
2020-09-21 12:15:39,448 [Worker-31: Building workspace] WARN  o.e.m.c.i.embedder.EclipseLogger - Using platform encoding (MS949 actually) to copy filtered resources, i.e. build is platform dependent!
2020-09-21 12:15:39,449 [Worker-31: Building workspace] INFO  o.e.m.c.i.embedder.EclipseLogger - skip non existing resourceDirectory C:\Workspace\SpringPRJ\src\main\resources
2020-09-21 12:15:39,450 [Worker-31: Building workspace] WARN  o.e.m.c.i.embedder.EclipseLogger - Using platform encoding (MS949 actually) to copy filtered resources, i.e. build is platform dependent!
2020-09-21 12:15:39,451 [Worker-31: Building workspace] INFO  o.e.m.c.i.embedder.EclipseLogger - skip non existing resourceDirectory C:\Workspace\SpringPRJ\src\test\resources
2020-09-21 12:15:50,190 [Worker-29: Building workspace] WARN  o.e.m.c.i.embedder.EclipseLogger - Using platform encoding (MS949 actually) to copy filtered resources, i.e. build is platform dependent!
2020-09-21 12:15:50,191 [Worker-29: Building workspace] INFO  o.e.m.c.i.embedder.EclipseLogger - skip non existing resourceDirectory C:\Workspace\SpringPRJ\src\main\resources
2020-09-21 12:15:50,192 [Worker-29: Building workspace] WARN  o.e.m.c.i.embedder.EclipseLogger - Using platform encoding (MS949 actually) to copy filtered resources, i.e. build is platform dependent!
2020-09-21 12:15:50,193 [Worker-29: Building workspace] INFO  o.e.m.c.i.embedder.EclipseLogger - skip non existing resourceDirectory C:\Workspace\SpringPRJ\src\test\resources
2020-09-21 12:15:52,304 [Worker-30: Building workspace] WARN  o.e.m.c.i.embedder.EclipseLogger - Using platform encoding (MS949 actually) to copy filtered resources, i.e. build is platform dependent!
2020-09-21 12:15:52,306 [Worker-30: Building workspace] INFO  o.e.m.c.i.embedder.EclipseLogger - skip non existing resourceDirectory C:\Workspace\SpringPRJ\src\main\resources
2020-09-21 12:15:52,308 [Worker-30: Building workspace] WARN  o.e.m.c.i.embedder.EclipseLogger - Using platform encoding (MS949 actually) to copy filtered resources, i.e. build is platform dependent!
2020-09-21 12:15:52,310 [Worker-30: Building workspace] INFO  o.e.m.c.i.embedder.EclipseLogger - skip non existing resourceDirectory C:\Workspace\SpringPRJ\src\test\resources
2020-09-21 12:15:54,479 [Worker-29: Building workspace] WARN  o.e.m.c.i.embedder.EclipseLogger - Using platform encoding (MS949 actually) to copy filtered resources, i.e. build is platform dependent!
2020-09-21 12:15:54,481 [Worker-29: Building workspace] INFO  o.e.m.c.i.embedder.EclipseLogger - skip non existing resourceDirectory C:\Workspace\SpringPRJ\src\main\resources
2020-09-21 12:15:54,483 [Worker-29: Building workspace] WARN  o.e.m.c.i.embedder.EclipseLogger - Using platform encoding (MS949 actually) to copy filtered resources, i.e. build is platform dependent!
2020-09-21 12:15:54,484 [Worker-29: Building workspace] INFO  o.e.m.c.i.embedder.EclipseLogger - skip non existing resourceDirectory C:\Workspace\SpringPRJ\src\test\resources
2020-09-21 12:16:13,048 [Worker-27: Building workspace] WARN  o.e.m.c.i.embedder.EclipseLogger - Using platform encoding (MS949 actually) to copy filtered resources, i.e. build is platform dependent!
2020-09-21 12:16:13,049 [Worker-27: Building workspace] INFO  o.e.m.c.i.embedder.EclipseLogger - skip non existing resourceDirectory C:\Workspace\SpringPRJ\src\main\resources
2020-09-21 12:16:13,050 [Worker-27: Building workspace] WARN  o.e.m.c.i.embedder.EclipseLogger - Using platform encoding (MS949 actually) to copy filtered resources, i.e. build is platform dependent!
2020-09-21 12:16:13,051 [Worker-27: Building workspace] INFO  o.e.m.c.i.embedder.EclipseLogger - skip non existing resourceDirectory C:\Workspace\SpringPRJ\src\test\resources
2020-09-21 12:16:33,543 [Worker-30: Building workspace] WARN  o.e.m.c.i.embedder.EclipseLogger - Using platform encoding (MS949 actually) to copy filtered resources, i.e. build is platform dependent!
2020-09-21 12:16:33,546 [Worker-30: Building workspace] INFO  o.e.m.c.i.embedder.EclipseLogger - skip non existing resourceDirectory C:\Workspace\SpringPRJ\src\main\resources
2020-09-21 12:16:33,548 [Worker-30: Building workspace] WARN  o.e.m.c.i.embedder.EclipseLogger - Using platform encoding (MS949 actually) to copy filtered resources, i.e. build is platform dependent!
2020-09-21 12:16:33,550 [Worker-30: Building workspace] INFO  o.e.m.c.i.embedder.EclipseLogger - skip non existing resourceDirectory C:\Workspace\SpringPRJ\src\test\resources
2020-09-21 12:16:35,732 [Worker-33: Building workspace] WARN  o.e.m.c.i.embedder.EclipseLogger - Using platform encoding (MS949 actually) to copy filtered resources, i.e. build is platform dependent!
2020-09-21 12:16:35,733 [Worker-33: Building workspace] INFO  o.e.m.c.i.embedder.EclipseLogger - skip non existing resourceDirectory C:\Workspace\SpringPRJ\src\main\resources
2020-09-21 12:16:35,734 [Worker-33: Building workspace] WARN  o.e.m.c.i.embedder.EclipseLogger - Using platform encoding (MS949 actually) to copy filtered resources, i.e. build is platform dependent!
2020-09-21 12:16:35,735 [Worker-33: Building workspace] INFO  o.e.m.c.i.embedder.EclipseLogger - skip non existing resourceDirectory C:\Workspace\SpringPRJ\src\test\resources
2020-09-21 12:16:56,650 [Worker-34: Building workspace] WARN  o.e.m.c.i.embedder.EclipseLogger - Using platform encoding (MS949 actually) to copy filtered resources, i.e. build is platform dependent!
2020-09-21 12:16:56,652 [Worker-34: Building workspace] INFO  o.e.m.c.i.embedder.EclipseLogger - skip non existing resourceDirectory C:\Workspace\SpringPRJ\src\main\resources
2020-09-21 12:16:56,652 [Worker-34: Building workspace] WARN  o.e.m.c.i.embedder.EclipseLogger - Using platform encoding (MS949 actually) to copy filtered resources, i.e. build is platform dependent!
2020-09-21 12:16:56,653 [Worker-34: Building workspace] INFO  o.e.m.c.i.embedder.EclipseLogger - skip non existing resourceDirectory C:\Workspace\SpringPRJ\src\test\resources
2020-09-21 12:17:05,663 [Worker-34: Building workspace] WARN  o.e.m.c.i.embedder.EclipseLogger - Using platform encoding (MS949 actually) to copy filtered resources, i.e. build is platform dependent!
2020-09-21 12:17:05,665 [Worker-34: Building workspace] INFO  o.e.m.c.i.embedder.EclipseLogger - skip non existing resourceDirectory C:\Workspace\SpringPRJ\src\main\resources
2020-09-21 12:17:05,666 [Worker-34: Building workspace] WARN  o.e.m.c.i.embedder.EclipseLogger - Using platform encoding (MS949 actually) to copy filtered resources, i.e. build is platform dependent!
2020-09-21 12:17:05,668 [Worker-34: Building workspace] INFO  o.e.m.c.i.embedder.EclipseLogger - skip non existing resourceDirectory C:\Workspace\SpringPRJ\src\test\resources
2020-09-21 12:17:10,067 [Worker-29: Building workspace] WARN  o.e.m.c.i.embedder.EclipseLogger - Using platform encoding (MS949 actually) to copy filtered resources, i.e. build is platform dependent!
2020-09-21 12:17:10,069 [Worker-29: Building workspace] INFO  o.e.m.c.i.embedder.EclipseLogger - skip non existing resourceDirectory C:\Workspace\SpringPRJ\src\main\resources
2020-09-21 12:17:10,070 [Worker-29: Building workspace] WARN  o.e.m.c.i.embedder.EclipseLogger - Using platform encoding (MS949 actually) to copy filtered resources, i.e. build is platform dependent!
2020-09-21 12:17:10,071 [Worker-29: Building workspace] INFO  o.e.m.c.i.embedder.EclipseLogger - skip non existing resourceDirectory C:\Workspace\SpringPRJ\src\test\resources
2020-09-21 12:27:16,354 [Worker-29: Building workspace] WARN  o.e.m.c.i.embedder.EclipseLogger - Using platform encoding (MS949 actually) to copy filtered resources, i.e. build is platform dependent!
2020-09-21 12:27:16,356 [Worker-29: Building workspace] INFO  o.e.m.c.i.embedder.EclipseLogger - skip non existing resourceDirectory C:\Workspace\SpringPRJ\src\main\resources
2020-09-21 12:27:16,357 [Worker-29: Building workspace] WARN  o.e.m.c.i.embedder.EclipseLogger - Using platform encoding (MS949 actually) to copy filtered resources, i.e. build is platform dependent!
2020-09-21 12:27:16,357 [Worker-29: Building workspace] INFO  o.e.m.c.i.embedder.EclipseLogger - skip non existing resourceDirectory C:\Workspace\SpringPRJ\src\test\resources
2020-09-21 13:17:00,349 [Worker-39: Building workspace] WARN  o.e.m.c.i.embedder.EclipseLogger - Using platform encoding (MS949 actually) to copy filtered resources, i.e. build is platform dependent!
2020-09-21 13:17:00,349 [Worker-39: Building workspace] INFO  o.e.m.c.i.embedder.EclipseLogger - skip non existing resourceDirectory C:\Workspace\SpringPRJ\src\main\resources
2020-09-21 13:17:00,349 [Worker-39: Building workspace] WARN  o.e.m.c.i.embedder.EclipseLogger - Using platform encoding (MS949 actually) to copy filtered resources, i.e. build is platform dependent!
2020-09-21 13:17:00,349 [Worker-39: Building workspace] INFO  o.e.m.c.i.embedder.EclipseLogger - skip non existing resourceDirectory C:\Workspace\SpringPRJ\src\test\resources
2020-09-21 13:17:54,272 [Worker-40: Building workspace] WARN  o.e.m.c.i.embedder.EclipseLogger - Using platform encoding (MS949 actually) to copy filtered resources, i.e. build is platform dependent!
2020-09-21 13:17:54,272 [Worker-40: Building workspace] INFO  o.e.m.c.i.embedder.EclipseLogger - skip non existing resourceDirectory C:\Workspace\SpringPRJ\src\main\resources
2020-09-21 13:17:54,272 [Worker-40: Building workspace] WARN  o.e.m.c.i.embedder.EclipseLogger - Using platform encoding (MS949 actually) to copy filtered resources, i.e. build is platform dependent!
2020-09-21 13:17:54,272 [Worker-40: Building workspace] INFO  o.e.m.c.i.embedder.EclipseLogger - skip non existing resourceDirectory C:\Workspace\SpringPRJ\src\test\resources
2020-09-21 13:18:47,547 [Worker-40: Building workspace] WARN  o.e.m.c.i.embedder.EclipseLogger - Using platform encoding (MS949 actually) to copy filtered resources, i.e. build is platform dependent!
2020-09-21 13:18:47,547 [Worker-40: Building workspace] INFO  o.e.m.c.i.embedder.EclipseLogger - skip non existing resourceDirectory C:\Workspace\SpringPRJ\src\main\resources
2020-09-21 13:18:47,547 [Worker-40: Building workspace] WARN  o.e.m.c.i.embedder.EclipseLogger - Using platform encoding (MS949 actually) to copy filtered resources, i.e. build is platform dependent!
2020-09-21 13:18:47,547 [Worker-40: Building workspace] INFO  o.e.m.c.i.embedder.EclipseLogger - skip non existing resourceDirectory C:\Workspace\SpringPRJ\src\test\resources
2020-09-21 13:19:02,263 [Worker-35: Building workspace] WARN  o.e.m.c.i.embedder.EclipseLogger - Using platform encoding (MS949 actually) to copy filtered resources, i.e. build is platform dependent!
2020-09-21 13:19:02,263 [Worker-35: Building workspace] INFO  o.e.m.c.i.embedder.EclipseLogger - skip non existing resourceDirectory C:\Workspace\SpringPRJ\src\main\resources
2020-09-21 13:19:02,263 [Worker-35: Building workspace] WARN  o.e.m.c.i.embedder.EclipseLogger - Using platform encoding (MS949 actually) to copy filtered resources, i.e. build is platform dependent!
2020-09-21 13:19:02,263 [Worker-35: Building workspace] INFO  o.e.m.c.i.embedder.EclipseLogger - skip non existing resourceDirectory C:\Workspace\SpringPRJ\src\test\resources
2020-09-21 13:19:11,120 [Worker-35: Building workspace] WARN  o.e.m.c.i.embedder.EclipseLogger - Using platform encoding (MS949 actually) to copy filtered resources, i.e. build is platform dependent!
2020-09-21 13:19:11,120 [Worker-35: Building workspace] INFO  o.e.m.c.i.embedder.EclipseLogger - skip non existing resourceDirectory C:\Workspace\SpringPRJ\src\main\resources
2020-09-21 13:19:11,130 [Worker-35: Building workspace] WARN  o.e.m.c.i.embedder.EclipseLogger - Using platform encoding (MS949 actually) to copy filtered resources, i.e. build is platform dependent!
2020-09-21 13:19:11,132 [Worker-35: Building workspace] INFO  o.e.m.c.i.embedder.EclipseLogger - skip non existing resourceDirectory C:\Workspace\SpringPRJ\src\test\resources
2020-09-21 13:19:17,586 [Worker-37: Building workspace] WARN  o.e.m.c.i.embedder.EclipseLogger - Using platform encoding (MS949 actually) to copy filtered resources, i.e. build is platform dependent!
2020-09-21 13:19:17,586 [Worker-37: Building workspace] INFO  o.e.m.c.i.embedder.EclipseLogger - skip non existing resourceDirectory C:\Workspace\SpringPRJ\src\main\resources
2020-09-21 13:19:17,586 [Worker-37: Building workspace] WARN  o.e.m.c.i.embedder.EclipseLogger - Using platform encoding (MS949 actually) to copy filtered resources, i.e. build is platform dependent!
2020-09-21 13:19:17,586 [Worker-37: Building workspace] INFO  o.e.m.c.i.embedder.EclipseLogger - skip non existing resourceDirectory C:\Workspace\SpringPRJ\src\test\resources
2020-09-21 13:20:27,704 [Worker-41: Building workspace] WARN  o.e.m.c.i.embedder.EclipseLogger - Using platform encoding (MS949 actually) to copy filtered resources, i.e. build is platform dependent!
2020-09-21 13:20:27,707 [Worker-41: Building workspace] INFO  o.e.m.c.i.embedder.EclipseLogger - skip non existing resourceDirectory C:\Workspace\SpringPRJ\src\main\resources
2020-09-21 13:20:27,707 [Worker-41: Building workspace] WARN  o.e.m.c.i.embedder.EclipseLogger - Using platform encoding (MS949 actually) to copy filtered resources, i.e. build is platform dependent!
2020-09-21 13:20:27,707 [Worker-41: Building workspace] INFO  o.e.m.c.i.embedder.EclipseLogger - skip non existing resourceDirectory C:\Workspace\SpringPRJ\src\test\resources
2020-09-21 13:20:31,142 [Worker-39: Building workspace] WARN  o.e.m.c.i.embedder.EclipseLogger - Using platform encoding (MS949 actually) to copy filtered resources, i.e. build is platform dependent!
2020-09-21 13:20:31,142 [Worker-39: Building workspace] INFO  o.e.m.c.i.embedder.EclipseLogger - skip non existing resourceDirectory C:\Workspace\SpringPRJ\src\main\resources
2020-09-21 13:20:31,142 [Worker-39: Building workspace] WARN  o.e.m.c.i.embedder.EclipseLogger - Using platform encoding (MS949 actually) to copy filtered resources, i.e. build is platform dependent!
2020-09-21 13:20:31,142 [Worker-39: Building workspace] INFO  o.e.m.c.i.embedder.EclipseLogger - skip non existing resourceDirectory C:\Workspace\SpringPRJ\src\test\resources
2020-09-21 13:20:34,352 [Worker-41: Building workspace] WARN  o.e.m.c.i.embedder.EclipseLogger - Using platform encoding (MS949 actually) to copy filtered resources, i.e. build is platform dependent!
2020-09-21 13:20:34,352 [Worker-41: Building workspace] INFO  o.e.m.c.i.embedder.EclipseLogger - skip non existing resourceDirectory C:\Workspace\SpringPRJ\src\main\resources
2020-09-21 13:20:34,352 [Worker-41: Building workspace] WARN  o.e.m.c.i.embedder.EclipseLogger - Using platform encoding (MS949 actually) to copy filtered resources, i.e. build is platform dependent!
2020-09-21 13:20:34,352 [Worker-41: Building workspace] INFO  o.e.m.c.i.embedder.EclipseLogger - skip non existing resourceDirectory C:\Workspace\SpringPRJ\src\test\resources
2020-09-21 13:20:47,712 [Worker-43: Building workspace] WARN  o.e.m.c.i.embedder.EclipseLogger - Using platform encoding (MS949 actually) to copy filtered resources, i.e. build is platform dependent!
2020-09-21 13:20:47,712 [Worker-43: Building workspace] INFO  o.e.m.c.i.embedder.EclipseLogger - skip non existing resourceDirectory C:\Workspace\SpringPRJ\src\main\resources
2020-09-21 13:20:47,712 [Worker-43: Building workspace] WARN  o.e.m.c.i.embedder.EclipseLogger - Using platform encoding (MS949 actually) to copy filtered resources, i.e. build is platform dependent!
2020-09-21 13:20:47,728 [Worker-43: Building workspace] INFO  o.e.m.c.i.embedder.EclipseLogger - skip non existing resourceDirectory C:\Workspace\SpringPRJ\src\test\resources
2020-09-21 13:25:23,914 [Worker-42: Building workspace] WARN  o.e.m.c.i.embedder.EclipseLogger - Using platform encoding (MS949 actually) to copy filtered resources, i.e. build is platform dependent!
2020-09-21 13:25:23,914 [Worker-42: Building workspace] INFO  o.e.m.c.i.embedder.EclipseLogger - skip non existing resourceDirectory C:\Workspace\SpringPRJ\src\main\resources
2020-09-21 13:25:23,914 [Worker-42: Building workspace] WARN  o.e.m.c.i.embedder.EclipseLogger - Using platform encoding (MS949 actually) to copy filtered resources, i.e. build is platform dependent!
2020-09-21 13:25:23,914 [Worker-42: Building workspace] INFO  o.e.m.c.i.embedder.EclipseLogger - skip non existing resourceDirectory C:\Workspace\SpringPRJ\src\test\resources
2020-09-21 13:26:44,124 [Worker-35: Building workspace] WARN  o.e.m.c.i.embedder.EclipseLogger - Using platform encoding (MS949 actually) to copy filtered resources, i.e. build is platform dependent!
2020-09-21 13:26:44,124 [Worker-35: Building workspace] INFO  o.e.m.c.i.embedder.EclipseLogger - skip non existing resourceDirectory C:\Workspace\SpringPRJ\src\main\resources
2020-09-21 13:26:44,124 [Worker-35: Building workspace] WARN  o.e.m.c.i.embedder.EclipseLogger - Using platform encoding (MS949 actually) to copy filtered resources, i.e. build is platform dependent!
2020-09-21 13:26:44,124 [Worker-35: Building workspace] INFO  o.e.m.c.i.embedder.EclipseLogger - skip non existing resourceDirectory C:\Workspace\SpringPRJ\src\test\resources
2020-09-21 13:26:49,240 [Worker-44: Building workspace] WARN  o.e.m.c.i.embedder.EclipseLogger - Using platform encoding (MS949 actually) to copy filtered resources, i.e. build is platform dependent!
2020-09-21 13:26:49,255 [Worker-44: Building workspace] INFO  o.e.m.c.i.embedder.EclipseLogger - skip non existing resourceDirectory C:\Workspace\SpringPRJ\src\main\resources
2020-09-21 13:26:49,255 [Worker-44: Building workspace] WARN  o.e.m.c.i.embedder.EclipseLogger - Using platform encoding (MS949 actually) to copy filtered resources, i.e. build is platform dependent!
2020-09-21 13:26:49,255 [Worker-44: Building workspace] INFO  o.e.m.c.i.embedder.EclipseLogger - skip non existing resourceDirectory C:\Workspace\SpringPRJ\src\test\resources
2020-09-21 13:31:38,016 [Worker-38: Building workspace] WARN  o.e.m.c.i.embedder.EclipseLogger - Using platform encoding (MS949 actually) to copy filtered resources, i.e. build is platform dependent!
2020-09-21 13:31:38,016 [Worker-38: Building workspace] INFO  o.e.m.c.i.embedder.EclipseLogger - skip non existing resourceDirectory C:\Workspace\SpringPRJ\src\main\resources
2020-09-21 13:31:38,016 [Worker-38: Building workspace] WARN  o.e.m.c.i.embedder.EclipseLogger - Using platform encoding (MS949 actually) to copy filtered resources, i.e. build is platform dependent!
2020-09-21 13:31:38,016 [Worker-38: Building workspace] INFO  o.e.m.c.i.embedder.EclipseLogger - skip non existing resourceDirectory C:\Workspace\SpringPRJ\src\test\resources
2020-09-21 13:33:18,145 [Worker-37: Building workspace] WARN  o.e.m.c.i.embedder.EclipseLogger - Using platform encoding (MS949 actually) to copy filtered resources, i.e. build is platform dependent!
2020-09-21 13:33:18,160 [Worker-37: Building workspace] INFO  o.e.m.c.i.embedder.EclipseLogger - skip non existing resourceDirectory C:\Workspace\SpringPRJ\src\main\resources
2020-09-21 13:33:18,160 [Worker-37: Building workspace] WARN  o.e.m.c.i.embedder.EclipseLogger - Using platform encoding (MS949 actually) to copy filtered resources, i.e. build is platform dependent!
2020-09-21 13:33:18,160 [Worker-37: Building workspace] INFO  o.e.m.c.i.embedder.EclipseLogger - skip non existing resourceDirectory C:\Workspace\SpringPRJ\src\test\resources
2020-09-21 13:33:49,421 [Worker-35: Building workspace] WARN  o.e.m.c.i.embedder.EclipseLogger - Using platform encoding (MS949 actually) to copy filtered resources, i.e. build is platform dependent!
2020-09-21 13:33:49,421 [Worker-35: Building workspace] INFO  o.e.m.c.i.embedder.EclipseLogger - skip non existing resourceDirectory C:\Workspace\SpringPRJ\src\main\resources
2020-09-21 13:33:49,421 [Worker-35: Building workspace] WARN  o.e.m.c.i.embedder.EclipseLogger - Using platform encoding (MS949 actually) to copy filtered resources, i.e. build is platform dependent!
2020-09-21 13:33:49,421 [Worker-35: Building workspace] INFO  o.e.m.c.i.embedder.EclipseLogger - skip non existing resourceDirectory C:\Workspace\SpringPRJ\src\test\resources
2020-09-21 13:34:23,056 [Worker-39: Building workspace] WARN  o.e.m.c.i.embedder.EclipseLogger - Using platform encoding (MS949 actually) to copy filtered resources, i.e. build is platform dependent!
2020-09-21 13:34:23,056 [Worker-39: Building workspace] INFO  o.e.m.c.i.embedder.EclipseLogger - skip non existing resourceDirectory C:\Workspace\SpringPRJ\src\main\resources
2020-09-21 13:34:23,056 [Worker-39: Building workspace] WARN  o.e.m.c.i.embedder.EclipseLogger - Using platform encoding (MS949 actually) to copy filtered resources, i.e. build is platform dependent!
2020-09-21 13:34:23,056 [Worker-39: Building workspace] INFO  o.e.m.c.i.embedder.EclipseLogger - skip non existing resourceDirectory C:\Workspace\SpringPRJ\src\test\resources
2020-09-21 18:42:32,467 [Worker-2: Updating Maven Dependencies] INFO  o.e.m.c.i.l.LifecycleMappingFactory - Using org.maven.ide.eclipse.wtp.WarLifecycleMapping lifecycle mapping for MavenProject: kopo:SpringForOracle:0.0.1-SNAPSHOT @ /Users/dead_line/DEV/SpringW/Window_Mac/SpringPRJ/pom.xml.
2020-09-21 18:42:34,769 [Worker-14: Building] WARN  o.e.m.c.i.embedder.EclipseLogger - Using platform encoding (UTF-8 actually) to copy filtered resources, i.e. build is platform dependent!
2020-09-21 18:42:34,773 [Worker-14: Building] INFO  o.e.m.c.i.embedder.EclipseLogger - skip non existing resourceDirectory /Users/dead_line/DEV/SpringW/Window_Mac/SpringPRJ/src/main/resources
2020-09-21 18:42:34,776 [Worker-14: Building] WARN  o.e.m.c.i.embedder.EclipseLogger - Using platform encoding (UTF-8 actually) to copy filtered resources, i.e. build is platform dependent!
2020-09-21 18:42:34,777 [Worker-14: Building] INFO  o.e.m.c.i.embedder.EclipseLogger - skip non existing resourceDirectory /Users/dead_line/DEV/SpringW/Window_Mac/SpringPRJ/src/test/resources
2020-09-21 18:42:40,152 [Worker-4: Loading available Gradle versions] INFO  o.e.b.c.i.u.g.PublishedGradleVersions - Gradle version information cache is out-of-date. Trying to update.
2020-09-21 18:43:16,080 [Worker-14: Building] WARN  o.e.m.c.i.embedder.EclipseLogger - Using platform encoding (UTF-8 actually) to copy filtered resources, i.e. build is platform dependent!
2020-09-21 18:43:16,081 [Worker-14: Building] INFO  o.e.m.c.i.embedder.EclipseLogger - skip non existing resourceDirectory /Users/dead_line/DEV/SpringW/Window_Mac/SpringPRJ/src/main/resources
2020-09-21 18:43:16,082 [Worker-14: Building] WARN  o.e.m.c.i.embedder.EclipseLogger - Using platform encoding (UTF-8 actually) to copy filtered resources, i.e. build is platform dependent!
2020-09-21 18:43:16,083 [Worker-14: Building] INFO  o.e.m.c.i.embedder.EclipseLogger - skip non existing resourceDirectory /Users/dead_line/DEV/SpringW/Window_Mac/SpringPRJ/src/test/resources
2020-09-21 18:45:04,818 [Worker-17: Building] WARN  o.e.m.c.i.embedder.EclipseLogger - Using platform encoding (UTF-8 actually) to copy filtered resources, i.e. build is platform dependent!
2020-09-21 18:45:04,820 [Worker-17: Building] INFO  o.e.m.c.i.embedder.EclipseLogger - skip non existing resourceDirectory /Users/dead_line/DEV/SpringW/Window_Mac/SpringPRJ/src/main/resources
2020-09-21 18:45:04,821 [Worker-17: Building] WARN  o.e.m.c.i.embedder.EclipseLogger - Using platform encoding (UTF-8 actually) to copy filtered resources, i.e. build is platform dependent!
2020-09-21 18:45:04,822 [Worker-17: Building] INFO  o.e.m.c.i.embedder.EclipseLogger - skip non existing resourceDirectory /Users/dead_line/DEV/SpringW/Window_Mac/SpringPRJ/src/test/resources
2020-09-21 19:05:34,442 [Worker-22: Building] WARN  o.e.m.c.i.embedder.EclipseLogger - Using platform encoding (UTF-8 actually) to copy filtered resources, i.e. build is platform dependent!
2020-09-21 19:05:34,445 [Worker-22: Building] INFO  o.e.m.c.i.embedder.EclipseLogger - skip non existing resourceDirectory /Users/dead_line/DEV/SpringW/Window_Mac/SpringPRJ/src/main/resources
2020-09-21 19:05:34,447 [Worker-22: Building] WARN  o.e.m.c.i.embedder.EclipseLogger - Using platform encoding (UTF-8 actually) to copy filtered resources, i.e. build is platform dependent!
2020-09-21 19:05:34,448 [Worker-22: Building] INFO  o.e.m.c.i.embedder.EclipseLogger - skip non existing resourceDirectory /Users/dead_line/DEV/SpringW/Window_Mac/SpringPRJ/src/test/resources
2020-09-21 19:05:52,275 [Worker-18: Building] WARN  o.e.m.c.i.embedder.EclipseLogger - Using platform encoding (UTF-8 actually) to copy filtered resources, i.e. build is platform dependent!
2020-09-21 19:05:52,276 [Worker-18: Building] INFO  o.e.m.c.i.embedder.EclipseLogger - skip non existing resourceDirectory /Users/dead_line/DEV/SpringW/Window_Mac/SpringPRJ/src/main/resources
2020-09-21 19:05:52,308 [Worker-18: Building] WARN  o.e.m.c.i.embedder.EclipseLogger - Using platform encoding (UTF-8 actually) to copy filtered resources, i.e. build is platform dependent!
2020-09-21 19:05:52,308 [Worker-18: Building] INFO  o.e.m.c.i.embedder.EclipseLogger - skip non existing resourceDirectory /Users/dead_line/DEV/SpringW/Window_Mac/SpringPRJ/src/test/resources
2020-09-21 19:08:58,659 [Worker-26: Building] INFO  o.e.m.c.i.l.LifecycleMappingFactory - Using org.maven.ide.eclipse.wtp.WarLifecycleMapping lifecycle mapping for MavenProject: kopo:SpringForOracle:0.0.1-SNAPSHOT @ /Users/dead_line/DEV/SpringW/Window_Mac/SpringPRJ/pom.xml.
2020-09-21 19:08:59,158 [Worker-26: Building] WARN  o.e.m.c.i.embedder.EclipseLogger - Using platform encoding (UTF-8 actually) to copy filtered resources, i.e. build is platform dependent!
2020-09-21 19:08:59,160 [Worker-26: Building] INFO  o.e.m.c.i.embedder.EclipseLogger - skip non existing resourceDirectory /Users/dead_line/DEV/SpringW/Window_Mac/SpringPRJ/src/main/resources
2020-09-21 19:08:59,161 [Worker-26: Building] WARN  o.e.m.c.i.embedder.EclipseLogger - Using platform encoding (UTF-8 actually) to copy filtered resources, i.e. build is platform dependent!
2020-09-21 19:08:59,161 [Worker-26: Building] INFO  o.e.m.c.i.embedder.EclipseLogger - skip non existing resourceDirectory /Users/dead_line/DEV/SpringW/Window_Mac/SpringPRJ/src/test/resources
2020-09-21 19:08:59,162 [Worker-26: Building] INFO  o.e.m.w.i.f.ResourceFilteringBuildParticipant - Changed resources require a complete clean of filtered resources of SpringPRJ
2020-09-21 19:08:59,163 [Worker-26: Building] INFO  o.e.m.w.i.f.ResourceFilteringBuildParticipant - Executing resource filtering for SpringPRJ
2020-09-21 19:08:59,167 [Worker-26: Building] WARN  o.e.m.c.i.embedder.EclipseLogger - The POM for org.apache.maven.plugins:maven-eclipse-plugin:jar:2.9 is missing, no dependency information available
2020-09-21 19:08:59,169 [Worker-26: Building] WARN  o.e.m.c.i.embedder.EclipseLogger - Failed to retrieve plugin descriptor for org.apache.maven.plugins:maven-eclipse-plugin:2.9: Plugin org.apache.maven.plugins:maven-eclipse-plugin:2.9 or one of its dependencies could not be resolved: Cannot access central (https://repo.maven.apache.org/maven2) in offline mode and the artifact org.apache.maven.plugins:maven-eclipse-plugin:jar:2.9 has not been downloaded from it before.
2020-09-21 19:08:59,170 [Worker-26: Building] WARN  o.e.m.c.i.embedder.EclipseLogger - The POM for org.codehaus.mojo:exec-maven-plugin:jar:1.2.1 is missing, no dependency information available
2020-09-21 19:08:59,171 [Worker-26: Building] WARN  o.e.m.c.i.embedder.EclipseLogger - Failed to retrieve plugin descriptor for org.codehaus.mojo:exec-maven-plugin:1.2.1: Plugin org.codehaus.mojo:exec-maven-plugin:1.2.1 or one of its dependencies could not be resolved: Cannot access central (https://repo.maven.apache.org/maven2) in offline mode and the artifact org.codehaus.mojo:exec-maven-plugin:jar:1.2.1 has not been downloaded from it before.
2020-09-21 19:08:59,172 [Worker-26: Building] WARN  o.e.m.c.i.embedder.EclipseLogger - The POM for om.fasterxml.jackson.core:jackson-core:jar:2.8.9 is missing, no dependency information available
2020-09-21 19:08:59,172 [Worker-26: Building] WARN  o.e.m.c.i.embedder.EclipseLogger - Failed to retrieve plugin descriptor for om.fasterxml.jackson.core:jackson-core:2.8.9: Plugin om.fasterxml.jackson.core:jackson-core:2.8.9 or one of its dependencies could not be resolved: Cannot access central (https://repo.maven.apache.org/maven2) in offline mode and the artifact om.fasterxml.jackson.core:jackson-core:jar:2.8.9 has not been downloaded from it before.
2020-09-21 19:08:59,179 [Worker-26: Building] WARN  o.e.m.c.i.embedder.EclipseLogger - The POM for org.apache.maven.plugins:maven-eclipse-plugin:jar:2.9 is missing, no dependency information available
2020-09-21 19:08:59,179 [Worker-26: Building] WARN  o.e.m.c.i.embedder.EclipseLogger - Failed to retrieve plugin descriptor for org.apache.maven.plugins:maven-eclipse-plugin:2.9: Plugin org.apache.maven.plugins:maven-eclipse-plugin:2.9 or one of its dependencies could not be resolved: Cannot access central (https://repo.maven.apache.org/maven2) in offline mode and the artifact org.apache.maven.plugins:maven-eclipse-plugin:jar:2.9 has not been downloaded from it before.
2020-09-21 19:08:59,180 [Worker-26: Building] WARN  o.e.m.c.i.embedder.EclipseLogger - The POM for org.codehaus.mojo:exec-maven-plugin:jar:1.2.1 is missing, no dependency information available
2020-09-21 19:08:59,180 [Worker-26: Building] WARN  o.e.m.c.i.embedder.EclipseLogger - Failed to retrieve plugin descriptor for org.codehaus.mojo:exec-maven-plugin:1.2.1: Plugin org.codehaus.mojo:exec-maven-plugin:1.2.1 or one of its dependencies could not be resolved: Cannot access central (https://repo.maven.apache.org/maven2) in offline mode and the artifact org.codehaus.mojo:exec-maven-plugin:jar:1.2.1 has not been downloaded from it before.
2020-09-21 19:08:59,180 [Worker-26: Building] WARN  o.e.m.c.i.embedder.EclipseLogger - The POM for om.fasterxml.jackson.core:jackson-core:jar:2.8.9 is missing, no dependency information available
2020-09-21 19:08:59,181 [Worker-26: Building] WARN  o.e.m.c.i.embedder.EclipseLogger - Failed to retrieve plugin descriptor for om.fasterxml.jackson.core:jackson-core:2.8.9: Plugin om.fasterxml.jackson.core:jackson-core:2.8.9 or one of its dependencies could not be resolved: Cannot access central (https://repo.maven.apache.org/maven2) in offline mode and the artifact om.fasterxml.jackson.core:jackson-core:jar:2.8.9 has not been downloaded from it before.
2020-09-21 19:08:59,183 [Worker-26: Building] WARN  o.e.m.c.i.embedder.EclipseLogger - Using platform encoding (UTF-8 actually) to copy filtered resources, i.e. build is platform dependent!
2020-09-21 19:09:36,957 [Worker-25: Building] INFO  o.e.m.c.i.l.LifecycleMappingFactory - Using org.maven.ide.eclipse.wtp.WarLifecycleMapping lifecycle mapping for MavenProject: kopo:SpringForOracle:0.0.1-SNAPSHOT @ /Users/dead_line/DEV/SpringW/Window_Mac/SpringPRJ/pom.xml.
2020-09-21 19:09:37,382 [Worker-25: Building] WARN  o.e.m.c.i.embedder.EclipseLogger - Using platform encoding (UTF-8 actually) to copy filtered resources, i.e. build is platform dependent!
2020-09-21 19:09:37,383 [Worker-25: Building] INFO  o.e.m.c.i.embedder.EclipseLogger - skip non existing resourceDirectory /Users/dead_line/DEV/SpringW/Window_Mac/SpringPRJ/src/main/resources
2020-09-21 19:09:37,384 [Worker-25: Building] WARN  o.e.m.c.i.embedder.EclipseLogger - Using platform encoding (UTF-8 actually) to copy filtered resources, i.e. build is platform dependent!
2020-09-21 19:09:37,384 [Worker-25: Building] INFO  o.e.m.c.i.embedder.EclipseLogger - skip non existing resourceDirectory /Users/dead_line/DEV/SpringW/Window_Mac/SpringPRJ/src/test/resources
2020-09-21 19:09:37,384 [Worker-25: Building] INFO  o.e.m.w.i.f.ResourceFilteringBuildParticipant - Changed resources require a complete clean of filtered resources of SpringPRJ
2020-09-21 19:09:37,385 [Worker-25: Building] INFO  o.e.m.w.i.f.ResourceFilteringBuildParticipant - Executing resource filtering for SpringPRJ
2020-09-21 19:09:37,386 [Worker-25: Building] WARN  o.e.m.c.i.embedder.EclipseLogger - The POM for org.apache.maven.plugins:maven-eclipse-plugin:jar:2.9 is missing, no dependency information available
2020-09-21 19:09:37,386 [Worker-25: Building] WARN  o.e.m.c.i.embedder.EclipseLogger - Failed to retrieve plugin descriptor for org.apache.maven.plugins:maven-eclipse-plugin:2.9: Plugin org.apache.maven.plugins:maven-eclipse-plugin:2.9 or one of its dependencies could not be resolved: Cannot access central (https://repo.maven.apache.org/maven2) in offline mode and the artifact org.apache.maven.plugins:maven-eclipse-plugin:jar:2.9 has not been downloaded from it before.
2020-09-21 19:09:37,387 [Worker-25: Building] WARN  o.e.m.c.i.embedder.EclipseLogger - The POM for org.codehaus.mojo:exec-maven-plugin:jar:1.2.1 is missing, no dependency information available
2020-09-21 19:09:37,387 [Worker-25: Building] WARN  o.e.m.c.i.embedder.EclipseLogger - Failed to retrieve plugin descriptor for org.codehaus.mojo:exec-maven-plugin:1.2.1: Plugin org.codehaus.mojo:exec-maven-plugin:1.2.1 or one of its dependencies could not be resolved: Cannot access central (https://repo.maven.apache.org/maven2) in offline mode and the artifact org.codehaus.mojo:exec-maven-plugin:jar:1.2.1 has not been downloaded from it before.
2020-09-21 19:09:37,388 [Worker-25: Building] WARN  o.e.m.c.i.embedder.EclipseLogger - The POM for om.fasterxml.jackson.core:jackson-core:jar:2.8.9 is missing, no dependency information available
2020-09-21 19:09:37,388 [Worker-25: Building] WARN  o.e.m.c.i.embedder.EclipseLogger - Failed to retrieve plugin descriptor for om.fasterxml.jackson.core:jackson-core:2.8.9: Plugin om.fasterxml.jackson.core:jackson-core:2.8.9 or one of its dependencies could not be resolved: Cannot access central (https://repo.maven.apache.org/maven2) in offline mode and the artifact om.fasterxml.jackson.core:jackson-core:jar:2.8.9 has not been downloaded from it before.
2020-09-21 19:09:37,388 [Worker-25: Building] WARN  o.e.m.c.i.embedder.EclipseLogger - The POM for org.apache.maven.plugins:maven-eclipse-plugin:jar:2.9 is missing, no dependency information available
2020-09-21 19:09:37,389 [Worker-25: Building] WARN  o.e.m.c.i.embedder.EclipseLogger - Failed to retrieve plugin descriptor for org.apache.maven.plugins:maven-eclipse-plugin:2.9: Plugin org.apache.maven.plugins:maven-eclipse-plugin:2.9 or one of its dependencies could not be resolved: Cannot access central (https://repo.maven.apache.org/maven2) in offline mode and the artifact org.apache.maven.plugins:maven-eclipse-plugin:jar:2.9 has not been downloaded from it before.
2020-09-21 19:09:37,389 [Worker-25: Building] WARN  o.e.m.c.i.embedder.EclipseLogger - The POM for org.codehaus.mojo:exec-maven-plugin:jar:1.2.1 is missing, no dependency information available
2020-09-21 19:09:37,390 [Worker-25: Building] WARN  o.e.m.c.i.embedder.EclipseLogger - Failed to retrieve plugin descriptor for org.codehaus.mojo:exec-maven-plugin:1.2.1: Plugin org.codehaus.mojo:exec-maven-plugin:1.2.1 or one of its dependencies could not be resolved: Cannot access central (https://repo.maven.apache.org/maven2) in offline mode and the artifact org.codehaus.mojo:exec-maven-plugin:jar:1.2.1 has not been downloaded from it before.
2020-09-21 19:09:37,390 [Worker-25: Building] WARN  o.e.m.c.i.embedder.EclipseLogger - The POM for om.fasterxml.jackson.core:jackson-core:jar:2.8.9 is missing, no dependency information available
2020-09-21 19:09:37,390 [Worker-25: Building] WARN  o.e.m.c.i.embedder.EclipseLogger - Failed to retrieve plugin descriptor for om.fasterxml.jackson.core:jackson-core:2.8.9: Plugin om.fasterxml.jackson.core:jackson-core:2.8.9 or one of its dependencies could not be resolved: Cannot access central (https://repo.maven.apache.org/maven2) in offline mode and the artifact om.fasterxml.jackson.core:jackson-core:jar:2.8.9 has not been downloaded from it before.
2020-09-21 19:09:37,403 [Worker-25: Building] WARN  o.e.m.c.i.embedder.EclipseLogger - Using platform encoding (UTF-8 actually) to copy filtered resources, i.e. build is platform dependent!
2020-09-21 19:09:38,679 [Worker-18: Building] WARN  o.e.m.c.i.embedder.EclipseLogger - Using platform encoding (UTF-8 actually) to copy filtered resources, i.e. build is platform dependent!
2020-09-21 19:09:38,680 [Worker-18: Building] INFO  o.e.m.c.i.embedder.EclipseLogger - skip non existing resourceDirectory /Users/dead_line/DEV/SpringW/Window_Mac/SpringPRJ/src/main/resources
2020-09-21 19:09:38,681 [Worker-18: Building] WARN  o.e.m.c.i.embedder.EclipseLogger - Using platform encoding (UTF-8 actually) to copy filtered resources, i.e. build is platform dependent!
2020-09-21 19:09:38,681 [Worker-18: Building] INFO  o.e.m.c.i.embedder.EclipseLogger - skip non existing resourceDirectory /Users/dead_line/DEV/SpringW/Window_Mac/SpringPRJ/src/test/resources
2020-09-21 19:09:49,470 [Worker-27: Building] INFO  o.e.m.c.i.l.LifecycleMappingFactory - Using org.maven.ide.eclipse.wtp.WarLifecycleMapping lifecycle mapping for MavenProject: kopo:SpringForOracle:0.0.1-SNAPSHOT @ /Users/dead_line/DEV/SpringW/Window_Mac/SpringPRJ/pom.xml.
2020-09-21 19:09:49,786 [Worker-27: Building] WARN  o.e.m.c.i.embedder.EclipseLogger - Using platform encoding (UTF-8 actually) to copy filtered resources, i.e. build is platform dependent!
2020-09-21 19:09:49,787 [Worker-27: Building] INFO  o.e.m.c.i.embedder.EclipseLogger - skip non existing resourceDirectory /Users/dead_line/DEV/SpringW/Window_Mac/SpringPRJ/src/main/resources
2020-09-21 19:09:49,788 [Worker-27: Building] WARN  o.e.m.c.i.embedder.EclipseLogger - Using platform encoding (UTF-8 actually) to copy filtered resources, i.e. build is platform dependent!
2020-09-21 19:09:49,789 [Worker-27: Building] INFO  o.e.m.c.i.embedder.EclipseLogger - skip non existing resourceDirectory /Users/dead_line/DEV/SpringW/Window_Mac/SpringPRJ/src/test/resources
2020-09-21 19:09:49,789 [Worker-27: Building] INFO  o.e.m.w.i.f.ResourceFilteringBuildParticipant - Changed resources require a complete clean of filtered resources of SpringPRJ
2020-09-21 19:09:49,789 [Worker-27: Building] INFO  o.e.m.w.i.f.ResourceFilteringBuildParticipant - Executing resource filtering for SpringPRJ
2020-09-21 19:09:49,790 [Worker-27: Building] WARN  o.e.m.c.i.embedder.EclipseLogger - The POM for org.apache.maven.plugins:maven-eclipse-plugin:jar:2.9 is missing, no dependency information available
2020-09-21 19:09:49,790 [Worker-27: Building] WARN  o.e.m.c.i.embedder.EclipseLogger - Failed to retrieve plugin descriptor for org.apache.maven.plugins:maven-eclipse-plugin:2.9: Plugin org.apache.maven.plugins:maven-eclipse-plugin:2.9 or one of its dependencies could not be resolved: Cannot access central (https://repo.maven.apache.org/maven2) in offline mode and the artifact org.apache.maven.plugins:maven-eclipse-plugin:jar:2.9 has not been downloaded from it before.
2020-09-21 19:09:49,791 [Worker-27: Building] WARN  o.e.m.c.i.embedder.EclipseLogger - The POM for org.codehaus.mojo:exec-maven-plugin:jar:1.2.1 is missing, no dependency information available
2020-09-21 19:09:49,791 [Worker-27: Building] WARN  o.e.m.c.i.embedder.EclipseLogger - Failed to retrieve plugin descriptor for org.codehaus.mojo:exec-maven-plugin:1.2.1: Plugin org.codehaus.mojo:exec-maven-plugin:1.2.1 or one of its dependencies could not be resolved: Cannot access central (https://repo.maven.apache.org/maven2) in offline mode and the artifact org.codehaus.mojo:exec-maven-plugin:jar:1.2.1 has not been downloaded from it before.
2020-09-21 19:09:49,792 [Worker-27: Building] WARN  o.e.m.c.i.embedder.EclipseLogger - The POM for om.fasterxml.jackson.core:jackson-core:jar:2.8.9 is missing, no dependency information available
2020-09-21 19:09:49,793 [Worker-27: Building] WARN  o.e.m.c.i.embedder.EclipseLogger - Failed to retrieve plugin descriptor for om.fasterxml.jackson.core:jackson-core:2.8.9: Plugin om.fasterxml.jackson.core:jackson-core:2.8.9 or one of its dependencies could not be resolved: Cannot access central (https://repo.maven.apache.org/maven2) in offline mode and the artifact om.fasterxml.jackson.core:jackson-core:jar:2.8.9 has not been downloaded from it before.
2020-09-21 19:09:49,793 [Worker-27: Building] WARN  o.e.m.c.i.embedder.EclipseLogger - The POM for org.apache.maven.plugins:maven-eclipse-plugin:jar:2.9 is missing, no dependency information available
2020-09-21 19:09:49,793 [Worker-27: Building] WARN  o.e.m.c.i.embedder.EclipseLogger - Failed to retrieve plugin descriptor for org.apache.maven.plugins:maven-eclipse-plugin:2.9: Plugin org.apache.maven.plugins:maven-eclipse-plugin:2.9 or one of its dependencies could not be resolved: Cannot access central (https://repo.maven.apache.org/maven2) in offline mode and the artifact org.apache.maven.plugins:maven-eclipse-plugin:jar:2.9 has not been downloaded from it before.
2020-09-21 19:09:49,794 [Worker-27: Building] WARN  o.e.m.c.i.embedder.EclipseLogger - The POM for org.codehaus.mojo:exec-maven-plugin:jar:1.2.1 is missing, no dependency information available
2020-09-21 19:09:49,794 [Worker-27: Building] WARN  o.e.m.c.i.embedder.EclipseLogger - Failed to retrieve plugin descriptor for org.codehaus.mojo:exec-maven-plugin:1.2.1: Plugin org.codehaus.mojo:exec-maven-plugin:1.2.1 or one of its dependencies could not be resolved: Cannot access central (https://repo.maven.apache.org/maven2) in offline mode and the artifact org.codehaus.mojo:exec-maven-plugin:jar:1.2.1 has not been downloaded from it before.
2020-09-21 19:09:49,794 [Worker-27: Building] WARN  o.e.m.c.i.embedder.EclipseLogger - The POM for om.fasterxml.jackson.core:jackson-core:jar:2.8.9 is missing, no dependency information available
2020-09-21 19:09:49,795 [Worker-27: Building] WARN  o.e.m.c.i.embedder.EclipseLogger - Failed to retrieve plugin descriptor for om.fasterxml.jackson.core:jackson-core:2.8.9: Plugin om.fasterxml.jackson.core:jackson-core:2.8.9 or one of its dependencies could not be resolved: Cannot access central (https://repo.maven.apache.org/maven2) in offline mode and the artifact om.fasterxml.jackson.core:jackson-core:jar:2.8.9 has not been downloaded from it before.
2020-09-21 19:09:49,797 [Worker-27: Building] WARN  o.e.m.c.i.embedder.EclipseLogger - Using platform encoding (UTF-8 actually) to copy filtered resources, i.e. build is platform dependent!
2020-09-21 19:10:19,226 [Worker-27: Building] INFO  o.e.m.c.i.l.LifecycleMappingFactory - Using org.maven.ide.eclipse.wtp.WarLifecycleMapping lifecycle mapping for MavenProject: kopo:SpringForOracle:0.0.1-SNAPSHOT @ /Users/dead_line/DEV/SpringW/Window_Mac/SpringPRJ/pom.xml.
2020-09-21 19:10:19,610 [Worker-27: Building] WARN  o.e.m.c.i.embedder.EclipseLogger - Using platform encoding (UTF-8 actually) to copy filtered resources, i.e. build is platform dependent!
2020-09-21 19:10:19,610 [Worker-27: Building] INFO  o.e.m.c.i.embedder.EclipseLogger - skip non existing resourceDirectory /Users/dead_line/DEV/SpringW/Window_Mac/SpringPRJ/src/main/resources
2020-09-21 19:10:19,612 [Worker-27: Building] WARN  o.e.m.c.i.embedder.EclipseLogger - Using platform encoding (UTF-8 actually) to copy filtered resources, i.e. build is platform dependent!
2020-09-21 19:10:19,612 [Worker-27: Building] INFO  o.e.m.c.i.embedder.EclipseLogger - skip non existing resourceDirectory /Users/dead_line/DEV/SpringW/Window_Mac/SpringPRJ/src/test/resources
2020-09-21 19:10:19,612 [Worker-27: Building] INFO  o.e.m.w.i.f.ResourceFilteringBuildParticipant - Changed resources require a complete clean of filtered resources of SpringPRJ
2020-09-21 19:10:19,612 [Worker-27: Building] INFO  o.e.m.w.i.f.ResourceFilteringBuildParticipant - Executing resource filtering for SpringPRJ
2020-09-21 19:10:19,614 [Worker-27: Building] WARN  o.e.m.c.i.embedder.EclipseLogger - The POM for org.apache.maven.plugins:maven-eclipse-plugin:jar:2.9 is missing, no dependency information available
2020-09-21 19:10:19,615 [Worker-27: Building] WARN  o.e.m.c.i.embedder.EclipseLogger - Failed to retrieve plugin descriptor for org.apache.maven.plugins:maven-eclipse-plugin:2.9: Plugin org.apache.maven.plugins:maven-eclipse-plugin:2.9 or one of its dependencies could not be resolved: Cannot access central (https://repo.maven.apache.org/maven2) in offline mode and the artifact org.apache.maven.plugins:maven-eclipse-plugin:jar:2.9 has not been downloaded from it before.
2020-09-21 19:10:19,615 [Worker-27: Building] WARN  o.e.m.c.i.embedder.EclipseLogger - The POM for org.codehaus.mojo:exec-maven-plugin:jar:1.2.1 is missing, no dependency information available
2020-09-21 19:10:19,616 [Worker-27: Building] WARN  o.e.m.c.i.embedder.EclipseLogger - Failed to retrieve plugin descriptor for org.codehaus.mojo:exec-maven-plugin:1.2.1: Plugin org.codehaus.mojo:exec-maven-plugin:1.2.1 or one of its dependencies could not be resolved: Cannot access central (https://repo.maven.apache.org/maven2) in offline mode and the artifact org.codehaus.mojo:exec-maven-plugin:jar:1.2.1 has not been downloaded from it before.
2020-09-21 19:10:19,616 [Worker-27: Building] WARN  o.e.m.c.i.embedder.EclipseLogger - The POM for om.fasterxml.jackson.core:jackson-core:jar:2.8.9 is missing, no dependency information available
2020-09-21 19:10:19,616 [Worker-27: Building] WARN  o.e.m.c.i.embedder.EclipseLogger - Failed to retrieve plugin descriptor for om.fasterxml.jackson.core:jackson-core:2.8.9: Plugin om.fasterxml.jackson.core:jackson-core:2.8.9 or one of its dependencies could not be resolved: Cannot access central (https://repo.maven.apache.org/maven2) in offline mode and the artifact om.fasterxml.jackson.core:jackson-core:jar:2.8.9 has not been downloaded from it before.
2020-09-21 19:10:19,617 [Worker-27: Building] WARN  o.e.m.c.i.embedder.EclipseLogger - The POM for org.apache.maven.plugins:maven-eclipse-plugin:jar:2.9 is missing, no dependency information available
2020-09-21 19:10:19,617 [Worker-27: Building] WARN  o.e.m.c.i.embedder.EclipseLogger - Failed to retrieve plugin descriptor for org.apache.maven.plugins:maven-eclipse-plugin:2.9: Plugin org.apache.maven.plugins:maven-eclipse-plugin:2.9 or one of its dependencies could not be resolved: Cannot access central (https://repo.maven.apache.org/maven2) in offline mode and the artifact org.apache.maven.plugins:maven-eclipse-plugin:jar:2.9 has not been downloaded from it before.
2020-09-21 19:10:19,618 [Worker-27: Building] WARN  o.e.m.c.i.embedder.EclipseLogger - The POM for org.codehaus.mojo:exec-maven-plugin:jar:1.2.1 is missing, no dependency information available
2020-09-21 19:10:19,618 [Worker-27: Building] WARN  o.e.m.c.i.embedder.EclipseLogger - Failed to retrieve plugin descriptor for org.codehaus.mojo:exec-maven-plugin:1.2.1: Plugin org.codehaus.mojo:exec-maven-plugin:1.2.1 or one of its dependencies could not be resolved: Cannot access central (https://repo.maven.apache.org/maven2) in offline mode and the artifact org.codehaus.mojo:exec-maven-plugin:jar:1.2.1 has not been downloaded from it before.
2020-09-21 19:10:19,618 [Worker-27: Building] WARN  o.e.m.c.i.embedder.EclipseLogger - The POM for om.fasterxml.jackson.core:jackson-core:jar:2.8.9 is missing, no dependency information available
2020-09-21 19:10:19,619 [Worker-27: Building] WARN  o.e.m.c.i.embedder.EclipseLogger - Failed to retrieve plugin descriptor for om.fasterxml.jackson.core:jackson-core:2.8.9: Plugin om.fasterxml.jackson.core:jackson-core:2.8.9 or one of its dependencies could not be resolved: Cannot access central (https://repo.maven.apache.org/maven2) in offline mode and the artifact om.fasterxml.jackson.core:jackson-core:jar:2.8.9 has not been downloaded from it before.
2020-09-21 19:10:19,621 [Worker-27: Building] WARN  o.e.m.c.i.embedder.EclipseLogger - Using platform encoding (UTF-8 actually) to copy filtered resources, i.e. build is platform dependent!
2020-09-21 19:10:20,912 [Worker-18: Building] WARN  o.e.m.c.i.embedder.EclipseLogger - Using platform encoding (UTF-8 actually) to copy filtered resources, i.e. build is platform dependent!
2020-09-21 19:10:20,913 [Worker-18: Building] INFO  o.e.m.c.i.embedder.EclipseLogger - skip non existing resourceDirectory /Users/dead_line/DEV/SpringW/Window_Mac/SpringPRJ/src/main/resources
2020-09-21 19:10:20,914 [Worker-18: Building] WARN  o.e.m.c.i.embedder.EclipseLogger - Using platform encoding (UTF-8 actually) to copy filtered resources, i.e. build is platform dependent!
2020-09-21 19:10:20,915 [Worker-18: Building] INFO  o.e.m.c.i.embedder.EclipseLogger - skip non existing resourceDirectory /Users/dead_line/DEV/SpringW/Window_Mac/SpringPRJ/src/test/resources
2020-09-21 19:23:50,671 [Worker-22: Building] INFO  o.e.m.c.i.l.LifecycleMappingFactory - Using org.maven.ide.eclipse.wtp.WarLifecycleMapping lifecycle mapping for MavenProject: kopo:SpringForOracle:0.0.1-SNAPSHOT @ /Users/dead_line/DEV/SpringW/Window_Mac/SpringPRJ/pom.xml.
2020-09-21 19:23:51,209 [Worker-22: Building] WARN  o.e.m.c.i.embedder.EclipseLogger - Using platform encoding (UTF-8 actually) to copy filtered resources, i.e. build is platform dependent!
2020-09-21 19:23:51,210 [Worker-22: Building] INFO  o.e.m.c.i.embedder.EclipseLogger - skip non existing resourceDirectory /Users/dead_line/DEV/SpringW/Window_Mac/SpringPRJ/src/main/resources
2020-09-21 19:23:51,212 [Worker-22: Building] WARN  o.e.m.c.i.embedder.EclipseLogger - Using platform encoding (UTF-8 actually) to copy filtered resources, i.e. build is platform dependent!
2020-09-21 19:23:51,212 [Worker-22: Building] INFO  o.e.m.c.i.embedder.EclipseLogger - skip non existing resourceDirectory /Users/dead_line/DEV/SpringW/Window_Mac/SpringPRJ/src/test/resources
2020-09-21 19:23:51,213 [Worker-22: Building] INFO  o.e.m.w.i.f.ResourceFilteringBuildParticipant - Changed resources require a complete clean of filtered resources of SpringPRJ
2020-09-21 19:23:51,213 [Worker-22: Building] INFO  o.e.m.w.i.f.ResourceFilteringBuildParticipant - Executing resource filtering for SpringPRJ
2020-09-21 19:23:51,214 [Worker-22: Building] WARN  o.e.m.c.i.embedder.EclipseLogger - The POM for org.apache.maven.plugins:maven-eclipse-plugin:jar:2.9 is missing, no dependency information available
2020-09-21 19:23:51,215 [Worker-22: Building] WARN  o.e.m.c.i.embedder.EclipseLogger - Failed to retrieve plugin descriptor for org.apache.maven.plugins:maven-eclipse-plugin:2.9: Plugin org.apache.maven.plugins:maven-eclipse-plugin:2.9 or one of its dependencies could not be resolved: Cannot access central (https://repo.maven.apache.org/maven2) in offline mode and the artifact org.apache.maven.plugins:maven-eclipse-plugin:jar:2.9 has not been downloaded from it before.
2020-09-21 19:23:51,215 [Worker-22: Building] WARN  o.e.m.c.i.embedder.EclipseLogger - The POM for org.codehaus.mojo:exec-maven-plugin:jar:1.2.1 is missing, no dependency information available
2020-09-21 19:23:51,216 [Worker-22: Building] WARN  o.e.m.c.i.embedder.EclipseLogger - Failed to retrieve plugin descriptor for org.codehaus.mojo:exec-maven-plugin:1.2.1: Plugin org.codehaus.mojo:exec-maven-plugin:1.2.1 or one of its dependencies could not be resolved: Cannot access central (https://repo.maven.apache.org/maven2) in offline mode and the artifact org.codehaus.mojo:exec-maven-plugin:jar:1.2.1 has not been downloaded from it before.
2020-09-21 19:23:51,216 [Worker-22: Building] WARN  o.e.m.c.i.embedder.EclipseLogger - The POM for om.fasterxml.jackson.core:jackson-core:jar:2.8.9 is missing, no dependency information available
2020-09-21 19:23:51,217 [Worker-22: Building] WARN  o.e.m.c.i.embedder.EclipseLogger - Failed to retrieve plugin descriptor for om.fasterxml.jackson.core:jackson-core:2.8.9: Plugin om.fasterxml.jackson.core:jackson-core:2.8.9 or one of its dependencies could not be resolved: Cannot access central (https://repo.maven.apache.org/maven2) in offline mode and the artifact om.fasterxml.jackson.core:jackson-core:jar:2.8.9 has not been downloaded from it before.
2020-09-21 19:23:51,218 [Worker-22: Building] WARN  o.e.m.c.i.embedder.EclipseLogger - The POM for org.apache.maven.plugins:maven-eclipse-plugin:jar:2.9 is missing, no dependency information available
2020-09-21 19:23:51,219 [Worker-22: Building] WARN  o.e.m.c.i.embedder.EclipseLogger - Failed to retrieve plugin descriptor for org.apache.maven.plugins:maven-eclipse-plugin:2.9: Plugin org.apache.maven.plugins:maven-eclipse-plugin:2.9 or one of its dependencies could not be resolved: Cannot access central (https://repo.maven.apache.org/maven2) in offline mode and the artifact org.apache.maven.plugins:maven-eclipse-plugin:jar:2.9 has not been downloaded from it before.
2020-09-21 19:23:51,219 [Worker-22: Building] WARN  o.e.m.c.i.embedder.EclipseLogger - The POM for org.codehaus.mojo:exec-maven-plugin:jar:1.2.1 is missing, no dependency information available
2020-09-21 19:23:51,220 [Worker-22: Building] WARN  o.e.m.c.i.embedder.EclipseLogger - Failed to retrieve plugin descriptor for org.codehaus.mojo:exec-maven-plugin:1.2.1: Plugin org.codehaus.mojo:exec-maven-plugin:1.2.1 or one of its dependencies could not be resolved: Cannot access central (https://repo.maven.apache.org/maven2) in offline mode and the artifact org.codehaus.mojo:exec-maven-plugin:jar:1.2.1 has not been downloaded from it before.
2020-09-21 19:23:51,220 [Worker-22: Building] WARN  o.e.m.c.i.embedder.EclipseLogger - The POM for om.fasterxml.jackson.core:jackson-core:jar:2.8.9 is missing, no dependency information available
2020-09-21 19:23:51,221 [Worker-22: Building] WARN  o.e.m.c.i.embedder.EclipseLogger - Failed to retrieve plugin descriptor for om.fasterxml.jackson.core:jackson-core:2.8.9: Plugin om.fasterxml.jackson.core:jackson-core:2.8.9 or one of its dependencies could not be resolved: Cannot access central (https://repo.maven.apache.org/maven2) in offline mode and the artifact om.fasterxml.jackson.core:jackson-core:jar:2.8.9 has not been downloaded from it before.
2020-09-21 19:23:51,223 [Worker-22: Building] WARN  o.e.m.c.i.embedder.EclipseLogger - Using platform encoding (UTF-8 actually) to copy filtered resources, i.e. build is platform dependent!
2020-09-21 19:23:52,589 [Worker-26: Building] WARN  o.e.m.c.i.embedder.EclipseLogger - Using platform encoding (UTF-8 actually) to copy filtered resources, i.e. build is platform dependent!
2020-09-21 19:23:52,590 [Worker-26: Building] INFO  o.e.m.c.i.embedder.EclipseLogger - skip non existing resourceDirectory /Users/dead_line/DEV/SpringW/Window_Mac/SpringPRJ/src/main/resources
2020-09-21 19:23:52,591 [Worker-26: Building] WARN  o.e.m.c.i.embedder.EclipseLogger - Using platform encoding (UTF-8 actually) to copy filtered resources, i.e. build is platform dependent!
2020-09-21 19:23:52,592 [Worker-26: Building] INFO  o.e.m.c.i.embedder.EclipseLogger - skip non existing resourceDirectory /Users/dead_line/DEV/SpringW/Window_Mac/SpringPRJ/src/test/resources
2020-09-21 20:04:53,300 [Worker-31: Building] WARN  o.e.m.c.i.embedder.EclipseLogger - Using platform encoding (UTF-8 actually) to copy filtered resources, i.e. build is platform dependent!
2020-09-21 20:04:53,305 [Worker-31: Building] INFO  o.e.m.c.i.embedder.EclipseLogger - skip non existing resourceDirectory /Users/dead_line/DEV/SpringW/Window_Mac/SpringPRJ/src/main/resources
2020-09-21 20:04:53,307 [Worker-31: Building] WARN  o.e.m.c.i.embedder.EclipseLogger - Using platform encoding (UTF-8 actually) to copy filtered resources, i.e. build is platform dependent!
2020-09-21 20:04:53,307 [Worker-31: Building] INFO  o.e.m.c.i.embedder.EclipseLogger - skip non existing resourceDirectory /Users/dead_line/DEV/SpringW/Window_Mac/SpringPRJ/src/test/resources
2020-09-21 20:04:58,822 [Worker-32: Building] WARN  o.e.m.c.i.embedder.EclipseLogger - Using platform encoding (UTF-8 actually) to copy filtered resources, i.e. build is platform dependent!
2020-09-21 20:04:58,823 [Worker-32: Building] INFO  o.e.m.c.i.embedder.EclipseLogger - skip non existing resourceDirectory /Users/dead_line/DEV/SpringW/Window_Mac/SpringPRJ/src/main/resources
2020-09-21 20:04:58,824 [Worker-32: Building] WARN  o.e.m.c.i.embedder.EclipseLogger - Using platform encoding (UTF-8 actually) to copy filtered resources, i.e. build is platform dependent!
2020-09-21 20:04:58,824 [Worker-32: Building] INFO  o.e.m.c.i.embedder.EclipseLogger - skip non existing resourceDirectory /Users/dead_line/DEV/SpringW/Window_Mac/SpringPRJ/src/test/resources
2020-09-21 20:07:57,656 [Worker-31: Building] WARN  o.e.m.c.i.embedder.EclipseLogger - Using platform encoding (UTF-8 actually) to copy filtered resources, i.e. build is platform dependent!
2020-09-21 20:07:57,659 [Worker-31: Building] INFO  o.e.m.c.i.embedder.EclipseLogger - skip non existing resourceDirectory /Users/dead_line/DEV/SpringW/Window_Mac/SpringPRJ/src/main/resources
2020-09-21 20:07:57,661 [Worker-31: Building] WARN  o.e.m.c.i.embedder.EclipseLogger - Using platform encoding (UTF-8 actually) to copy filtered resources, i.e. build is platform dependent!
2020-09-21 20:07:57,661 [Worker-31: Building] INFO  o.e.m.c.i.embedder.EclipseLogger - skip non existing resourceDirectory /Users/dead_line/DEV/SpringW/Window_Mac/SpringPRJ/src/test/resources
2020-09-21 20:08:11,889 [Worker-31: Building] WARN  o.e.m.c.i.embedder.EclipseLogger - Using platform encoding (UTF-8 actually) to copy filtered resources, i.e. build is platform dependent!
2020-09-21 20:08:11,889 [Worker-31: Building] INFO  o.e.m.c.i.embedder.EclipseLogger - skip non existing resourceDirectory /Users/dead_line/DEV/SpringW/Window_Mac/SpringPRJ/src/main/resources
2020-09-21 20:08:11,890 [Worker-31: Building] WARN  o.e.m.c.i.embedder.EclipseLogger - Using platform encoding (UTF-8 actually) to copy filtered resources, i.e. build is platform dependent!
2020-09-21 20:08:11,891 [Worker-31: Building] INFO  o.e.m.c.i.embedder.EclipseLogger - skip non existing resourceDirectory /Users/dead_line/DEV/SpringW/Window_Mac/SpringPRJ/src/test/resources
2020-09-21 20:08:16,888 [Worker-31: Building] WARN  o.e.m.c.i.embedder.EclipseLogger - Using platform encoding (UTF-8 actually) to copy filtered resources, i.e. build is platform dependent!
2020-09-21 20:08:16,889 [Worker-31: Building] INFO  o.e.m.c.i.embedder.EclipseLogger - skip non existing resourceDirectory /Users/dead_line/DEV/SpringW/Window_Mac/SpringPRJ/src/main/resources
2020-09-21 20:08:16,891 [Worker-31: Building] WARN  o.e.m.c.i.embedder.EclipseLogger - Using platform encoding (UTF-8 actually) to copy filtered resources, i.e. build is platform dependent!
2020-09-21 20:08:16,891 [Worker-31: Building] INFO  o.e.m.c.i.embedder.EclipseLogger - skip non existing resourceDirectory /Users/dead_line/DEV/SpringW/Window_Mac/SpringPRJ/src/test/resources
2020-09-21 20:08:32,920 [Worker-32: Building] WARN  o.e.m.c.i.embedder.EclipseLogger - Using platform encoding (UTF-8 actually) to copy filtered resources, i.e. build is platform dependent!
2020-09-21 20:08:32,921 [Worker-32: Building] INFO  o.e.m.c.i.embedder.EclipseLogger - skip non existing resourceDirectory /Users/dead_line/DEV/SpringW/Window_Mac/SpringPRJ/src/main/resources
2020-09-21 20:08:32,922 [Worker-32: Building] WARN  o.e.m.c.i.embedder.EclipseLogger - Using platform encoding (UTF-8 actually) to copy filtered resources, i.e. build is platform dependent!
2020-09-21 20:08:32,922 [Worker-32: Building] INFO  o.e.m.c.i.embedder.EclipseLogger - skip non existing resourceDirectory /Users/dead_line/DEV/SpringW/Window_Mac/SpringPRJ/src/test/resources
2020-09-21 20:08:45,525 [Worker-30: Building] WARN  o.e.m.c.i.embedder.EclipseLogger - Using platform encoding (UTF-8 actually) to copy filtered resources, i.e. build is platform dependent!
2020-09-21 20:08:45,526 [Worker-30: Building] INFO  o.e.m.c.i.embedder.EclipseLogger - skip non existing resourceDirectory /Users/dead_line/DEV/SpringW/Window_Mac/SpringPRJ/src/main/resources
2020-09-21 20:08:45,528 [Worker-30: Building] WARN  o.e.m.c.i.embedder.EclipseLogger - Using platform encoding (UTF-8 actually) to copy filtered resources, i.e. build is platform dependent!
2020-09-21 20:08:45,528 [Worker-30: Building] INFO  o.e.m.c.i.embedder.EclipseLogger - skip non existing resourceDirectory /Users/dead_line/DEV/SpringW/Window_Mac/SpringPRJ/src/test/resources
2020-09-21 20:08:55,252 [Worker-33: Building] WARN  o.e.m.c.i.embedder.EclipseLogger - Using platform encoding (UTF-8 actually) to copy filtered resources, i.e. build is platform dependent!
2020-09-21 20:08:55,252 [Worker-33: Building] INFO  o.e.m.c.i.embedder.EclipseLogger - skip non existing resourceDirectory /Users/dead_line/DEV/SpringW/Window_Mac/SpringPRJ/src/main/resources
2020-09-21 20:08:55,253 [Worker-33: Building] WARN  o.e.m.c.i.embedder.EclipseLogger - Using platform encoding (UTF-8 actually) to copy filtered resources, i.e. build is platform dependent!
2020-09-21 20:08:55,254 [Worker-33: Building] INFO  o.e.m.c.i.embedder.EclipseLogger - skip non existing resourceDirectory /Users/dead_line/DEV/SpringW/Window_Mac/SpringPRJ/src/test/resources
2020-09-21 20:09:05,216 [Worker-30: Building] WARN  o.e.m.c.i.embedder.EclipseLogger - Using platform encoding (UTF-8 actually) to copy filtered resources, i.e. build is platform dependent!
2020-09-21 20:09:05,216 [Worker-30: Building] INFO  o.e.m.c.i.embedder.EclipseLogger - skip non existing resourceDirectory /Users/dead_line/DEV/SpringW/Window_Mac/SpringPRJ/src/main/resources
2020-09-21 20:09:05,218 [Worker-30: Building] WARN  o.e.m.c.i.embedder.EclipseLogger - Using platform encoding (UTF-8 actually) to copy filtered resources, i.e. build is platform dependent!
2020-09-21 20:09:05,218 [Worker-30: Building] INFO  o.e.m.c.i.embedder.EclipseLogger - skip non existing resourceDirectory /Users/dead_line/DEV/SpringW/Window_Mac/SpringPRJ/src/test/resources
2020-09-21 20:09:07,932 [Worker-22: Building] WARN  o.e.m.c.i.embedder.EclipseLogger - Using platform encoding (UTF-8 actually) to copy filtered resources, i.e. build is platform dependent!
2020-09-21 20:09:07,934 [Worker-22: Building] INFO  o.e.m.c.i.embedder.EclipseLogger - skip non existing resourceDirectory /Users/dead_line/DEV/SpringW/Window_Mac/SpringPRJ/src/main/resources
2020-09-21 20:09:07,935 [Worker-22: Building] WARN  o.e.m.c.i.embedder.EclipseLogger - Using platform encoding (UTF-8 actually) to copy filtered resources, i.e. build is platform dependent!
2020-09-21 20:09:07,937 [Worker-22: Building] INFO  o.e.m.c.i.embedder.EclipseLogger - skip non existing resourceDirectory /Users/dead_line/DEV/SpringW/Window_Mac/SpringPRJ/src/test/resources
2020-09-21 20:09:14,104 [Worker-30: Building] WARN  o.e.m.c.i.embedder.EclipseLogger - Using platform encoding (UTF-8 actually) to copy filtered resources, i.e. build is platform dependent!
2020-09-21 20:09:14,104 [Worker-30: Building] INFO  o.e.m.c.i.embedder.EclipseLogger - skip non existing resourceDirectory /Users/dead_line/DEV/SpringW/Window_Mac/SpringPRJ/src/main/resources
2020-09-21 20:09:14,105 [Worker-30: Building] WARN  o.e.m.c.i.embedder.EclipseLogger - Using platform encoding (UTF-8 actually) to copy filtered resources, i.e. build is platform dependent!
2020-09-21 20:09:14,106 [Worker-30: Building] INFO  o.e.m.c.i.embedder.EclipseLogger - skip non existing resourceDirectory /Users/dead_line/DEV/SpringW/Window_Mac/SpringPRJ/src/test/resources
2020-09-21 20:09:31,833 [Worker-30: Building] WARN  o.e.m.c.i.embedder.EclipseLogger - Using platform encoding (UTF-8 actually) to copy filtered resources, i.e. build is platform dependent!
2020-09-21 20:09:31,834 [Worker-30: Building] INFO  o.e.m.c.i.embedder.EclipseLogger - skip non existing resourceDirectory /Users/dead_line/DEV/SpringW/Window_Mac/SpringPRJ/src/main/resources
2020-09-21 20:09:31,834 [Worker-30: Building] WARN  o.e.m.c.i.embedder.EclipseLogger - Using platform encoding (UTF-8 actually) to copy filtered resources, i.e. build is platform dependent!
2020-09-21 20:09:31,835 [Worker-30: Building] INFO  o.e.m.c.i.embedder.EclipseLogger - skip non existing resourceDirectory /Users/dead_line/DEV/SpringW/Window_Mac/SpringPRJ/src/test/resources
2020-09-21 20:09:42,274 [Worker-22: Building] WARN  o.e.m.c.i.embedder.EclipseLogger - Using platform encoding (UTF-8 actually) to copy filtered resources, i.e. build is platform dependent!
2020-09-21 20:09:42,275 [Worker-22: Building] INFO  o.e.m.c.i.embedder.EclipseLogger - skip non existing resourceDirectory /Users/dead_line/DEV/SpringW/Window_Mac/SpringPRJ/src/main/resources
2020-09-21 20:09:42,276 [Worker-22: Building] WARN  o.e.m.c.i.embedder.EclipseLogger - Using platform encoding (UTF-8 actually) to copy filtered resources, i.e. build is platform dependent!
2020-09-21 20:09:42,276 [Worker-22: Building] INFO  o.e.m.c.i.embedder.EclipseLogger - skip non existing resourceDirectory /Users/dead_line/DEV/SpringW/Window_Mac/SpringPRJ/src/test/resources
2020-09-21 20:11:34,838 [Worker-34: Building] WARN  o.e.m.c.i.embedder.EclipseLogger - Using platform encoding (UTF-8 actually) to copy filtered resources, i.e. build is platform dependent!
2020-09-21 20:11:34,838 [Worker-34: Building] INFO  o.e.m.c.i.embedder.EclipseLogger - skip non existing resourceDirectory /Users/dead_line/DEV/SpringW/Window_Mac/SpringPRJ/src/main/resources
2020-09-21 20:11:34,839 [Worker-34: Building] WARN  o.e.m.c.i.embedder.EclipseLogger - Using platform encoding (UTF-8 actually) to copy filtered resources, i.e. build is platform dependent!
2020-09-21 20:11:34,840 [Worker-34: Building] INFO  o.e.m.c.i.embedder.EclipseLogger - skip non existing resourceDirectory /Users/dead_line/DEV/SpringW/Window_Mac/SpringPRJ/src/test/resources
2020-09-21 20:11:46,614 [Worker-34: Building] WARN  o.e.m.c.i.embedder.EclipseLogger - Using platform encoding (UTF-8 actually) to copy filtered resources, i.e. build is platform dependent!
2020-09-21 20:11:46,615 [Worker-34: Building] INFO  o.e.m.c.i.embedder.EclipseLogger - skip non existing resourceDirectory /Users/dead_line/DEV/SpringW/Window_Mac/SpringPRJ/src/main/resources
2020-09-21 20:11:46,616 [Worker-34: Building] WARN  o.e.m.c.i.embedder.EclipseLogger - Using platform encoding (UTF-8 actually) to copy filtered resources, i.e. build is platform dependent!
2020-09-21 20:11:46,616 [Worker-34: Building] INFO  o.e.m.c.i.embedder.EclipseLogger - skip non existing resourceDirectory /Users/dead_line/DEV/SpringW/Window_Mac/SpringPRJ/src/test/resources
2020-09-21 20:12:00,533 [Worker-22: Building] WARN  o.e.m.c.i.embedder.EclipseLogger - Using platform encoding (UTF-8 actually) to copy filtered resources, i.e. build is platform dependent!
2020-09-21 20:12:00,534 [Worker-22: Building] INFO  o.e.m.c.i.embedder.EclipseLogger - skip non existing resourceDirectory /Users/dead_line/DEV/SpringW/Window_Mac/SpringPRJ/src/main/resources
2020-09-21 20:12:00,534 [Worker-22: Building] WARN  o.e.m.c.i.embedder.EclipseLogger - Using platform encoding (UTF-8 actually) to copy filtered resources, i.e. build is platform dependent!
2020-09-21 20:12:00,535 [Worker-22: Building] INFO  o.e.m.c.i.embedder.EclipseLogger - skip non existing resourceDirectory /Users/dead_line/DEV/SpringW/Window_Mac/SpringPRJ/src/test/resources
2020-09-21 20:12:13,936 [Worker-33: Building] WARN  o.e.m.c.i.embedder.EclipseLogger - Using platform encoding (UTF-8 actually) to copy filtered resources, i.e. build is platform dependent!
2020-09-21 20:12:13,937 [Worker-33: Building] INFO  o.e.m.c.i.embedder.EclipseLogger - skip non existing resourceDirectory /Users/dead_line/DEV/SpringW/Window_Mac/SpringPRJ/src/main/resources
2020-09-21 20:12:13,938 [Worker-33: Building] WARN  o.e.m.c.i.embedder.EclipseLogger - Using platform encoding (UTF-8 actually) to copy filtered resources, i.e. build is platform dependent!
2020-09-21 20:12:13,938 [Worker-33: Building] INFO  o.e.m.c.i.embedder.EclipseLogger - skip non existing resourceDirectory /Users/dead_line/DEV/SpringW/Window_Mac/SpringPRJ/src/test/resources
2020-09-21 20:12:16,125 [Worker-34: Building] WARN  o.e.m.c.i.embedder.EclipseLogger - Using platform encoding (UTF-8 actually) to copy filtered resources, i.e. build is platform dependent!
2020-09-21 20:12:16,127 [Worker-34: Building] INFO  o.e.m.c.i.embedder.EclipseLogger - skip non existing resourceDirectory /Users/dead_line/DEV/SpringW/Window_Mac/SpringPRJ/src/main/resources
2020-09-21 20:12:16,128 [Worker-34: Building] WARN  o.e.m.c.i.embedder.EclipseLogger - Using platform encoding (UTF-8 actually) to copy filtered resources, i.e. build is platform dependent!
2020-09-21 20:12:16,128 [Worker-34: Building] INFO  o.e.m.c.i.embedder.EclipseLogger - skip non existing resourceDirectory /Users/dead_line/DEV/SpringW/Window_Mac/SpringPRJ/src/test/resources
2020-09-21 20:12:22,444 [Worker-33: Building] WARN  o.e.m.c.i.embedder.EclipseLogger - Using platform encoding (UTF-8 actually) to copy filtered resources, i.e. build is platform dependent!
2020-09-21 20:12:22,444 [Worker-33: Building] INFO  o.e.m.c.i.embedder.EclipseLogger - skip non existing resourceDirectory /Users/dead_line/DEV/SpringW/Window_Mac/SpringPRJ/src/main/resources
2020-09-21 20:12:22,445 [Worker-33: Building] WARN  o.e.m.c.i.embedder.EclipseLogger - Using platform encoding (UTF-8 actually) to copy filtered resources, i.e. build is platform dependent!
2020-09-21 20:12:22,445 [Worker-33: Building] INFO  o.e.m.c.i.embedder.EclipseLogger - skip non existing resourceDirectory /Users/dead_line/DEV/SpringW/Window_Mac/SpringPRJ/src/test/resources
2020-09-21 20:13:14,313 [Worker-22: Building] WARN  o.e.m.c.i.embedder.EclipseLogger - Using platform encoding (UTF-8 actually) to copy filtered resources, i.e. build is platform dependent!
2020-09-21 20:13:14,315 [Worker-22: Building] INFO  o.e.m.c.i.embedder.EclipseLogger - skip non existing resourceDirectory /Users/dead_line/DEV/SpringW/Window_Mac/SpringPRJ/src/main/resources
2020-09-21 20:13:14,315 [Worker-22: Building] WARN  o.e.m.c.i.embedder.EclipseLogger - Using platform encoding (UTF-8 actually) to copy filtered resources, i.e. build is platform dependent!
2020-09-21 20:13:14,315 [Worker-22: Building] INFO  o.e.m.c.i.embedder.EclipseLogger - skip non existing resourceDirectory /Users/dead_line/DEV/SpringW/Window_Mac/SpringPRJ/src/test/resources
2020-09-21 22:15:49,393 [Worker-6: Loading available Gradle versions] INFO  o.e.b.c.i.u.g.PublishedGradleVersions - Gradle version information cache is up-to-date. Trying to read.
